0 info it worked if it ends with ok
1 verbose cli [ 'node', '/usr/local/bin/npm', 'publish', './' ]
2 info using npm@1.4.28
3 info using node@v0.10.35
4 verbose publish [ './' ]
5 verbose cache add [ './', null ]
6 verbose cache add name=undefined spec="./" args=["./",null]
7 verbose parsed url { protocol: null,
7 verbose parsed url   slashes: null,
7 verbose parsed url   auth: null,
7 verbose parsed url   host: null,
7 verbose parsed url   port: null,
7 verbose parsed url   hostname: null,
7 verbose parsed url   hash: null,
7 verbose parsed url   search: null,
7 verbose parsed url   query: null,
7 verbose parsed url   pathname: './',
7 verbose parsed url   path: './',
7 verbose parsed url   href: './' }
8 silly lockFile 0ee6c175- ./
9 verbose lock ./ /Users/sonyshhc/.npm/0ee6c175-.lock
10 verbose tar pack [ '/Users/sonyshhc/.npm/cucumberjs-junitxml/0.0.7/package.tgz',
10 verbose tar pack   './' ]
11 verbose tarball /Users/sonyshhc/.npm/cucumberjs-junitxml/0.0.7/package.tgz
12 verbose folder ./
13 info prepublish cucumberjs-junitxml@0.0.7
14 silly lockFile 04cb2bca-tar tar://./
15 verbose lock tar://./ /Users/sonyshhc/.npm/04cb2bca-tar.lock
16 silly lockFile 75138f3e-berjs-junitxml-0-0-7-package-tgz tar:///Users/sonyshhc/.npm/cucumberjs-junitxml/0.0.7/package.tgz
17 verbose lock tar:///Users/sonyshhc/.npm/cucumberjs-junitxml/0.0.7/package.tgz /Users/sonyshhc/.npm/75138f3e-berjs-junitxml-0-0-7-package-tgz.lock
18 silly lockFile 04cb2bca-tar tar://./
19 silly lockFile 04cb2bca-tar tar://./
20 silly lockFile 75138f3e-berjs-junitxml-0-0-7-package-tgz tar:///Users/sonyshhc/.npm/cucumberjs-junitxml/0.0.7/package.tgz
21 silly lockFile 75138f3e-berjs-junitxml-0-0-7-package-tgz tar:///Users/sonyshhc/.npm/cucumberjs-junitxml/0.0.7/package.tgz
22 silly lockFile 35209f13-ucumberjs-junitxml-0-0-7-package /Users/sonyshhc/.npm/cucumberjs-junitxml/0.0.7/package
23 verbose lock /Users/sonyshhc/.npm/cucumberjs-junitxml/0.0.7/package /Users/sonyshhc/.npm/35209f13-ucumberjs-junitxml-0-0-7-package.lock
24 silly lockFile 35209f13-ucumberjs-junitxml-0-0-7-package /Users/sonyshhc/.npm/cucumberjs-junitxml/0.0.7/package
25 silly lockFile 35209f13-ucumberjs-junitxml-0-0-7-package /Users/sonyshhc/.npm/cucumberjs-junitxml/0.0.7/package
26 silly lockFile 0ee6c175- ./
27 silly lockFile 0ee6c175- ./
28 silly publish { name: 'cucumberjs-junitxml',
28 silly publish   version: '0.0.7',
28 silly publish   description: 'Provide a cucumber-js support file and json2xml converter to generate JUnitXML file for CI',
28 silly publish   bin: { 'cucumber-junit': 'bin/cucumber-junit' },
28 silly publish   scripts: { test: 'ytestrunner --coverage' },
28 silly publish   repository:
28 silly publish    { type: 'git',
28 silly publish      url: 'https://github.com/sonyschan/cucumberjs-junitxml.git' },
28 silly publish   bugs: { url: 'https://github.com/sonyschan/cucumberjs-junitxml/issues' },
28 silly publish   keywords: [ 'cucumber', 'cucumberjs', 'junit' ],
28 silly publish   engines: { node: '~0.10.20' },
28 silly publish   author: { name: 'Sonys Chan', email: 'sonys.chan@gmail.com' },
28 silly publish   license: 'MIT',
28 silly publish   dependencies: { xml: '~0.0.12' },
28 silly publish   devDependencies:
28 silly publish    { ytestrunner: '~0.3.3',
28 silly publish      yuitest: '~0.7.9',
28 silly publish      'child-process-close': '~0.1.1' },
28 silly publish   homepage: 'https://github.com/sonyschan/cucumberjs-junitxml',
28 silly publish   main: 'index.js',
28 silly publish   directories: { test: 'tests' },
28 silly publish   readme: '# Cucumberjs-junitxml\n\nProvide a cucumber-js support file and json2xml converter to generate JUnitXML file for CI\n\n## Install\n\n1. Copy reporter/reporter.js to your cucumber support folder\n\n2. Cucumberjs-junitxml should be added to your test codebase as a dev dependency.  You can do this with:\n\n``` shell\n$ npm install cucumberjs-junitxml --save-dev \n```\n\nAlternatively you can manually add it to your package.json file:\n\n``` json\n{\n  "devDependencies" : {\n    "cucumberjs-junitxml": "latest"\n  }\n}\n```\n\nthen install with:\n\n``` shell\n$ npm install --dev\n```\n\n## Run\n\nRun your cucumber-js command. The reports should be saved to tests/features/output/\n\n``` shell\n$ ./node_modules/.bin/cucumber.js\n```\n\nAnd you can manually convert your json to xml by\n\n``` shell\n$ cat cucumber_report.json | ./node_modules/.bin/cucumber-junit > cucumber_report.xml\n```\n\n## License\n\n[MIT](http://opensource.org/licenses/MIT)\n',
28 silly publish   readmeFilename: 'README.md',
28 silly publish   gitHead: 'd25f04cda46d59a2279bcfd3cb1c57e0acda5e03',
28 silly publish   _id: 'cucumberjs-junitxml@0.0.7',
28 silly publish   _shasum: '335f8fa719cb1e1035d28a78ba25e59381e896ac',
28 silly publish   _from: './' }
29 verbose request where is /cucumberjs-junitxml
30 verbose request registry https://registry.npmjs.org/
31 verbose request id bdbe170f656960ea
32 verbose url raw /cucumberjs-junitxml
33 verbose url resolving [ 'https://registry.npmjs.org/', './cucumberjs-junitxml' ]
34 verbose url resolved https://registry.npmjs.org/cucumberjs-junitxml
35 verbose request where is https://registry.npmjs.org/cucumberjs-junitxml
36 info trying registry request attempt 1 at 23:25:16
37 http PUT https://registry.npmjs.org/cucumberjs-junitxml
38 http 403 https://registry.npmjs.org/cucumberjs-junitxml
39 verbose headers { date: 'Wed, 21 Jan 2015 15:25:17 GMT',
39 verbose headers   server: 'CouchDB/1.5.0 (Erlang OTP/R16B03)',
39 verbose headers   'content-type': 'application/json',
39 verbose headers   'cache-control': 'max-age=60',
39 verbose headers   'content-length': '4156',
39 verbose headers   'accept-ranges': 'bytes',
39 verbose headers   via: '1.1 varnish',
39 verbose headers   'x-served-by': 'cache-hk90-HKG',
39 verbose headers   'x-cache': 'MISS',
39 verbose headers   'x-cache-hits': '0',
39 verbose headers   'x-timer': 'S1421853917.278877,VS0,VE697',
39 verbose headers   'keep-alive': 'timeout=10, max=50',
39 verbose headers   connection: 'Keep-Alive' }
40 error publish Failed PUT 403
41 error Error: forbidden cannot modify pre-existing version: 0.0.7
41 error old={"name":"cucumberjs-junitxml","version":"0.0.7","description":"Provide a cucumber-js support file and json2xml converter to generate JUnitXML file for CI","bin":{"cucumber-junit":"bin/cucumber-junit"},"scripts":{"test":"ytestrunner --coverage"},"repository":{"type":"git","url":"https://github.com/sonyschan/cucumberjs-junitxml.git"},"bugs":{"url":"https://github.com/sonyschan/cucumberjs-junitxml/issues"},"keywords":["cucumber","cucumberjs","junit"],"engines":{"node":"~0.10.20"},"author":{"name":"Sonys Chan","email":"sonys.chan@gmail.com"},"license":"MIT","dependencies":{"xml":"~0.0.12"},"devDependencies":{"ytestrunner":"~0.3.3","yuitest":"~0.7.9","child-process-close":"~0.1.1"},"homepage":"https://github.com/sonyschan/cucumberjs-junitxml","main":"index.js","directories":{"test":"tests"},"gitHead":"a2308fa55c3f4870f6afcddd1237bf96472561e2","_id":"cucumberjs-junitxml@0.0.7","_shasum":"73b4138596cc7d6e77451d8580a21aaedd906c9c","_from":"./","_npmVersion":"1.4.28","_npmUser":{"name":"sonyschan","email":"sonys.chan@gmail.com"},"maintainers":[{"name":"sonyschan","email":"sonys.chan@gmail.com"}],"dist":{"shasum":"73b4138596cc7d6e77451d8580a21aaedd906c9c","tarball":"http://registry.npmjs.org/cucumberjs-junitxml/-/cucumberjs-junitxml-0.0.7.tgz"}}
41 error new={"name":"cucumberjs-junitxml","version":"0.0.7","description":"Provide a cucumber-js support file and json2xml converter to generate JUnitXML file for CI","bin":{"cucumber-junit":"bin/cucumber-junit"},"scripts":{"test":"ytestrunner --coverage"},"repository":{"type":"git","url":"https://github.com/sonyschan/cucumberjs-junitxml.git"},"bugs":{"url":"https://github.com/sonyschan/cucumberjs-junitxml/issues"},"keywords":["cucumber","cucumberjs","junit"],"engines":{"node":"~0.10.20"},"author":{"name":"Sonys Chan","email":"sonys.chan@gmail.com"},"license":"MIT","dependencies":{"xml":"~0.0.12"},"devDependencies":{"ytestrunner":"~0.3.3","yuitest":"~0.7.9","child-process-close":"~0.1.1"},"homepage":"https://github.com/sonyschan/cucumberjs-junitxml","main":"index.js","directories":{"test":"tests"},"readme":"# Cucumberjs-junitxml\u000a\u000aProvide a cucumber-js support file and json2xml converter to generate JUnitXML file for CI\u000a\u000a## Install\u000a\u000a1. Copy reporter/reporter.js to your cucumber support folder\u000a\u000a2. Cucumberjs-junitxml should be added to your test codebase as a dev dependency.  You can do this with:\u000a\u000a``` shell\u000a$ npm install cucumberjs-junitxml --save-dev \u000a```\u000a\u000aAlternatively you can manually add it to your package.json file:\u000a\u000a``` json\u000a{\u000a  \"devDependencies\" : {\u000a    \"cucumberjs-junitxml\": \"latest\"\u000a  }\u000a}\u000a```\u000a\u000athen install with:\u000a\u000a``` shell\u000a$ npm install --dev\u000a```\u000a\u000a## Run\u000a\u000aRun your cucumber-js command. The reports should be saved to tests/features/output/\u000a\u000a``` shell\u000a$ ./node_modules/.bin/cucumber.js\u000a```\u000a\u000aAnd you can manually convert your json to xml by\u000a\u000a``` shell\u000a$ cat cucumber_report.json | ./node_modules/.bin/cucumber-junit > cucumber_report.xml\u000a```\u000a\u000a## License\u000a\u000a[MIT](http://opensource.org/licenses/MIT)\u000a","readmeFilename":"README.md","gitHead":"d25f04cda46d59a2279bcfd3cb1c57e0acda5e03","_id":"cucumberjs-junitxml@0.0.7","_shasum":"335f8fa719cb1e1035d28a78ba25e59381e896ac","_from":"./","_npmVersion":"1.4.28","_npmUser":{"name":"sonyschan","email":"sonys.chan@gmail.com"},"maintainers":[{"name":"sonyschan","email":"sonys.chan@gmail.com"}],"dist":{"shasum":"335f8fa719cb1e1035d28a78ba25e59381e896ac","tarball":"http://registry.npmjs.org/cucumberjs-junitxml/-/cucumberjs-junitxml-0.0.7.tgz"}}: cucumberjs-junitxml
41 error     at RegClient.<anonymous> (/usr/local/lib/node_modules/npm/node_modules/npm-registry-client/lib/request.js:308:14)
41 error     at Request._callback (/usr/local/lib/node_modules/npm/node_modules/npm-registry-client/lib/request.js:246:65)
41 error     at Request.self.callback (/usr/local/lib/node_modules/npm/node_modules/request/request.js:236:22)
41 error     at Request.emit (events.js:98:17)
41 error     at Request.<anonymous> (/usr/local/lib/node_modules/npm/node_modules/request/request.js:1142:14)
41 error     at Request.emit (events.js:117:20)
41 error     at IncomingMessage.<anonymous> (/usr/local/lib/node_modules/npm/node_modules/request/request.js:1096:12)
41 error     at IncomingMessage.emit (events.js:117:20)
41 error     at _stream_readable.js:944:16
41 error     at process._tickCallback (node.js:442:13)
42 error If you need help, you may report this *entire* log,
42 error including the npm and node versions, at:
42 error     <http://github.com/npm/npm/issues>
43 error System Darwin 13.4.0
44 error command "node" "/usr/local/bin/npm" "publish" "./"
45 error cwd /Users/sonyshhc/repo/cucumberjs-junitxml
46 error node -v v0.10.35
47 error npm -v 1.4.28
48 verbose exit [ 1, true ]
